{"/mnt/c/code/frontend-project-lvl2/src/finddiff.js": {"path":"/mnt/c/code/frontend-project-lvl2/src/finddiff.js","statementMap":{"0":{"start":{"line":5,"column":16},"end":{"line":5,"column":62}},"1":{"start":{"line":5,"column":35},"end":{"line":5,"column":62}},"2":{"start":{"line":7,"column":16},"end":{"line":36,"column":1}},"3":{"start":{"line":8,"column":22},"end":{"line":8,"column":24}},"4":{"start":{"line":9,"column":14},"end":{"line":9,"column":27}},"5":{"start":{"line":10,"column":16},"end":{"line":10,"column":68}},"6":{"start":{"line":11,"column":16},"end":{"line":11,"column":68}},"7":{"start":{"line":13,"column":16},"end":{"line":13,"column":34}},"8":{"start":{"line":14,"column":16},"end":{"line":14,"column":34}},"9":{"start":{"line":15,"column":18},"end":{"line":15,"column":52}},"10":{"start":{"line":17,"column":2},"end":{"line":32,"column":5}},"11":{"start":{"line":18,"column":4},"end":{"line":25,"column":5}},"12":{"start":{"line":19,"column":6},"end":{"line":24,"column":7}},"13":{"start":{"line":20,"column":8},"end":{"line":20,"column":49}},"14":{"start":{"line":22,"column":8},"end":{"line":22,"column":49}},"15":{"start":{"line":23,"column":8},"end":{"line":23,"column":49}},"16":{"start":{"line":26,"column":4},"end":{"line":28,"column":5}},"17":{"start":{"line":27,"column":6},"end":{"line":27,"column":47}},"18":{"start":{"line":29,"column":4},"end":{"line":31,"column":5}},"19":{"start":{"line":30,"column":6},"end":{"line":30,"column":47}},"20":{"start":{"line":33,"column":14},"end":{"line":33,"column":87}},"21":{"start":{"line":33,"column":56},"end":{"line":33,"column":86}},"22":{"start":{"line":35,"column":2},"end":{"line":35,"column":35}}},"fnMap":{"0":{"name":"(anonymous_0)","decl":{"start":{"line":5,"column":16},"end":{"line":5,"column":17}},"loc":{"start":{"line":5,"column":35},"end":{"line":5,"column":62}},"line":5},"1":{"name":"(anonymous_1)","decl":{"start":{"line":7,"column":16},"end":{"line":7,"column":17}},"loc":{"start":{"line":7,"column":42},"end":{"line":36,"column":1}},"line":7},"2":{"name":"(anonymous_2)","decl":{"start":{"line":17,"column":18},"end":{"line":17,"column":19}},"loc":{"start":{"line":17,"column":27},"end":{"line":32,"column":3}},"line":17},"3":{"name":"(anonymous_3)","decl":{"start":{"line":33,"column":30},"end":{"line":33,"column":31}},"loc":{"start":{"line":33,"column":56},"end":{"line":33,"column":86}},"line":33}},"branchMap":{"0":{"loc":{"start":{"line":18,"column":4},"end":{"line":25,"column":5}},"type":"if","locations":[{"start":{"line":18,"column":4},"end":{"line":25,"column":5}},{"start":{"line":18,"column":4},"end":{"line":25,"column":5}}],"line":18},"1":{"loc":{"start":{"line":18,"column":8},"end":{"line":18,"column":46}},"type":"binary-expr","locations":[{"start":{"line":18,"column":8},"end":{"line":18,"column":25}},{"start":{"line":18,"column":29},"end":{"line":18,"column":46}}],"line":18},"2":{"loc":{"start":{"line":19,"column":6},"end":{"line":24,"column":7}},"type":"if","locations":[{"start":{"line":19,"column":6},"end":{"line":24,"column":7}},{"start":{"line":19,"column":6},"end":{"line":24,"column":7}}],"line":19},"3":{"loc":{"start":{"line":26,"column":4},"end":{"line":28,"column":5}},"type":"if","locations":[{"start":{"line":26,"column":4},"end":{"line":28,"column":5}},{"start":{"line":26,"column":4},"end":{"line":28,"column":5}}],"line":26},"4":{"loc":{"start":{"line":26,"column":8},"end":{"line":26,"column":47}},"type":"binary-expr","locations":[{"start":{"line":26,"column":8},"end":{"line":26,"column":25}},{"start":{"line":26,"column":29},"end":{"line":26,"column":47}}],"line":26},"5":{"loc":{"start":{"line":29,"column":4},"end":{"line":31,"column":5}},"type":"if","locations":[{"start":{"line":29,"column":4},"end":{"line":31,"column":5}},{"start":{"line":29,"column":4},"end":{"line":31,"column":5}}],"line":29},"6":{"loc":{"start":{"line":29,"column":8},"end":{"line":29,"column":47}},"type":"binary-expr","locations":[{"start":{"line":29,"column":8},"end":{"line":29,"column":26}},{"start":{"line":29,"column":30},"end":{"line":29,"column":47}}],"line":29}},"s":{"0":1,"1":2,"2":1,"3":1,"4":1,"5":1,"6":1,"7":1,"8":1,"9":1,"10":1,"11":5,"12":2,"13":1,"14":1,"15":1,"16":5,"17":2,"18":5,"19":1,"20":1,"21":6,"22":1},"f":{"0":2,"1":1,"2":5,"3":6},"b":{"0":[2,3],"1":[5,4],"2":[1,1],"3":[2,3],"4":[5,4],"5":[1,4],"6":[5,1]},"_coverageSchema":"1a1c01bbd47fc00a2c39e90264f33305004495a9","hash":"e528bf24d9ec19bb6bffb655d21164a8bd40ff36"}
}
