TN:
SF:src/finddiff.js
FN:5,(anonymous_0)
FN:7,(anonymous_1)
FN:17,(anonymous_2)
FN:33,(anonymous_3)
FNF:4
FNH:4
FNDA:2,(anonymous_0)
FNDA:1,(anonymous_1)
FNDA:5,(anonymous_2)
FNDA:6,(anonymous_3)
DA:5,2
DA:7,1
DA:8,1
DA:9,1
DA:10,1
DA:11,1
DA:13,1
DA:14,1
DA:15,1
DA:17,1
DA:18,5
DA:19,2
DA:20,1
DA:22,1
DA:23,1
DA:26,5
DA:27,2
DA:29,5
DA:30,1
DA:33,6
DA:35,1
LF:21
LH:21
BRDA:18,0,0,2
BRDA:18,0,1,3
BRDA:18,1,0,5
BRDA:18,1,1,4
BRDA:19,2,0,1
BRDA:19,2,1,1
BRDA:26,3,0,2
BRDA:26,3,1,3
BRDA:26,4,0,5
BRDA:26,4,1,4
BRDA:29,5,0,1
BRDA:29,5,1,4
BRDA:29,6,0,5
BRDA:29,6,1,1
BRF:14
BRH:14
end_of_record
